<?xml version="1.0" encoding="UTF-8"?>
<!-- Generated by org.testng.reporters.JUnitReportReporter -->
<testsuite hostname="LTIN468116" failures="0" tests="1" name="testCases.CabBookingTest" time="3.027" errors="0" timestamp="2025-07-09T18:21:32 IST" skipped="0">
  <testcase classname="testCases.CabBookingTest" name="demo" time="3.027"/>
</testsuite> <!-- testCases.CabBookingTest -->
